[0:00:42] <abjadd> Pog
[0:01:11] <@StreamElements> jakenbakeLIVE is now live! Streaming Just Chatting: WOW RESET STUFF > Rust? > VR RP (Not Stage 5) - !COVIDUPDATE5 - !PO BOX !Youtube !Discord - Follow @jakenbakeLIVE on !Socials
[0:01:21] <king_kukaa> catJAM catJAM
[0:01:24] <%Goldsrc> Pog
[0:01:39] <%CallMeInfinity> Pog Reset day
[0:01:40] <%NoRobizakaNo> Pog
[0:01:57] <slow3valve> on time again
[0:01:58] <blandly07> have a great stream VoHiYo
[0:01:58] <%Goldsrc> peepoSax
[0:02:01] <kivg_zay> Hey bro
[0:02:11] <supremeflexseal> First jake stream feeling good
[0:02:23] <shwick2222> jaaaaake
[0:02:23] <kivg_zay> Hope u enjoy
[0:02:32] <kivg_zay> @supremeflexseal
[0:02:36] <sharpedo250> Oh Boi here we go
[0:02:38] <%JayOhEeWhyy> jnbYo
[0:02:41] <%NascarNatt> Ray_C is on going to do a raid w the robots l think? LOL
[0:03:01] <%Babbaganoosh> jnbL
[0:03:05] <%Goldsrc> actual early stream
[0:03:07] <+IncredibleEdd> howdy!
[0:03:12] <%Andles1> EARLY? PogU
[0:03:12] <%Ehco> jnbYo jnbHey jnbYo jnbHey jnbYo jnbHey
[0:03:12] <%Goldsrc> peepoSax
[0:03:16] <%Rizzchit> jnbSubs
[0:03:24] <%Babbaganoosh> Jammies
[0:03:38] <%NascarNatt> There’s a wall now!! Which was Op idea took a lot of work it’s great!!
[0:03:40] <+cbjester> Does anyone know why Codemiko got banned? Most of the big streamers refuse to believe it's because she said S*mp.
[0:03:41] <Panmetrix> Jammies
[0:03:42] <%NoRobizakaNo> Jammies
[0:04:03] <knorkegnorf> jaki <3
[0:04:04] <abjadd> @cbjester for not intervieweing jake 5Head
[0:04:12] <%NascarNatt> Not sure?? I just found out yesterday!!
[0:04:12] <%JayOhEeWhyy> jnbSubs jnbHey
[0:04:15] <+aelimons> HEHE
[0:04:17] <%dankfirec> My guess would be 3rd strike DMCA but who knows
[0:04:21] <+cbjester> @abjadd Ah, that makes sense.
[0:04:22] <+aelimons> TriDance
[0:04:25] <xxrecon308xx> hmm
[0:05:05] <abjadd> PepePls
[0:05:19] <markiplersquad> Hi
[0:05:23] <%Babbaganoosh> jnbSalute
[0:05:24] <%yuzuh> yo chat FeelsOkayMan
[0:05:34] <abjadd> peepoClap
[0:05:37] <kramef> sup
[0:05:49] <GerRove> ariaHi
[0:06:05] <%TortillaCrumbz> OkayChamp
[0:06:25] <GerRove> bufaHee
[0:06:26] <LeZombz> ohh he early today
[0:06:33] <%NoRobizakaNo> jnbSalute
[0:06:36] <%TortillaCrumbz> OkayChamp TeaTime
[0:06:42] <+Toreaan> Toreaan subscribed with Prime. They've subscribed for 2 months, currently on a 2 month streak! jnbYo
[0:06:42] <@StreamElements> Toreaan just subscribed for 2 months in a row PogChamp
[0:06:49] <%CallMeInfinity> KomodoHype
[0:06:49] <%TortillaCrumbz> jnbYo jnbYo jnbYo jnbYo
[0:06:50] <GerRove> bufaLewd
[0:06:54] <Hohneri> PogChamp
[0:06:59] <%JayOhEeWhyy> KomodoHype
[0:07:02] <$genkidin01> HeyGuys
[0:07:09] <%jonrey> KomodoHype
[0:07:11] <%Toreaan> PogChamp
[0:07:18] <Panmetrix> PogChamp
[0:07:31] <%GreenyScott> hello
[0:07:31] <Termiinal> yoyo
[0:07:31] <%divided_imperium> jnbHey
[0:07:32] <%JayOhEeWhyy> jnbHey
[0:07:33] <Hohneri> mioshi1HI
[0:07:33] <spaceballsco> TriWave
[0:07:35] <%Goldsrc> jnbHey
[0:07:36] <%vantablackx> catJAM
[0:07:38] <%Toreaan> hi
[0:07:40] <Astronyt3> Sup chat
[0:07:44] <abjadd> PogChamp
[0:07:54] <%Toreaan> PogChamp
[0:07:55] <swaggodboss> omg he finna make me act up !!!
[0:07:55] <%Babbaganoosh> catJAM
[0:07:59] <%xydec> PogChamp
[0:08:01] <knorkegnorf> pepeJAM
[0:08:04] <~jakenbakeLIVE> PogChamp
[0:08:04] <Astronyt3> LULW
[0:08:04] <%yuzuh> PepePls sup jake
[0:08:05] <%Goldsrc> PogChamp
[0:08:06] <%NoRobizakaNo> KomodoHype
[0:08:07] <spaceballsco> PogChamp
[0:08:12] <jellymayobeans> Hai sir
[0:08:13] <%JayOhEeWhyy> PogChamp
[0:08:13] <@shlimshlam> PogChamp
[0:08:15] <%Goldsrc> KomodoHype
[0:08:20] <~jakenbakeLIVE> yishaiHug
[0:08:20] <%yuzuh> KomodoHype
[0:08:21] <Oncores> PogChamp
[0:08:21] <%Goldsrc> yishaiHug
[0:08:25] <%vantablackx> PogChamp
[0:08:26] <%xydec> yishaiHug
[0:08:26] <%Andles1> PogChamp KomodoHype
[0:08:28] <%JayOhEeWhyy> yishaiHug
[0:08:32] <@Lobo_SF> yishaiHug
[0:08:35] <abjadd> yishaiBoop
[0:08:35] <knorkegnorf> yishaiHug
[0:08:36] <%seba0729> yishaiHug
[0:08:36] <Termiinal> widepeepoHappy
[0:08:36] <%jonrey> yishaiHug
[0:08:36] <%Daan__M> was watching an old stream and heard your voice twice jnbYikes
[0:08:37] <%yuzuh> yishaiHug yishaiHeart
[0:08:40] <+Moncentric> PogChamp
[0:08:45] <%Toreaan> PogChamp
[0:08:49] <sizzlackx> @jakenbakeLIVE me and my father got covid test positiv father has 40° Celsius he lays in bed this shit sucks i dont have any symptoms
[0:09:05] <%Toreaan> komodo is the best
[0:09:16] <abjadd> D:
[0:09:18] <spaceballsco> <3
[0:09:18] <imka006> Hello jake
[0:09:21] <%CallMeInfinity> @sizzlackx, jnbL Wish you both the best
[0:09:21] <sizzlackx> 64
[0:09:23] <%lovelyzsj> Good Afternoon Jake and Chat jnbL
[0:09:39] <%Toreaan> Good afternoon!
[0:09:46] <Termiinal> You ready to be blessed by the rng gods on your vault
[0:09:48] <sizzlackx> @jakenbakeLIVE Hope ur father the best aswell <3
[0:09:58] <Surfnturf> gl on the vault homie
[0:10:01] <@NoWaddieNo> hey everyone jnbSalute
[0:10:19] <AlexFavela> <3
[0:10:24] <knorkegnorf> <3
[0:10:24] <%NoRobizakaNo> jnbSalute
[0:10:26] <%CallMeInfinity> Hey Waddles
[0:10:26] <abjadd> some smartphones have oximeter sensors too
[0:10:27] <AlexFavela> hey jake hows dad
[0:10:29] <abjadd> new samsung ones
[0:10:31] <%kaze_17> @nowaddieno jnbL
[0:10:31] <%CallMeInfinity> Dealskii widepeepoHappy
[0:10:32] <@NoWaddieNo> callmeinfinity jnbHey
[0:10:34] <@NoWaddieNo> kaze_17 wawaL
[0:10:34] <+sterowentUS> my mother, at 71, is a nurse aide. she kept herself angled to allow as little air restriction as possible
[0:10:38] <%CallMeInfinity> @kaze_17, widepeepoHappy /
[0:10:39] <%NoRobizakaNo> @CallMeInfinity, widepeepoHappy
[0:10:41] <%kaze_17> @callmeinfinity jnbL
[0:10:45] <%yuzuh> how is jnbPapa doin ?
[0:10:47] <%lovelyzsj> @NoWaddieNo jnbHey
[0:10:50] <PoefDragon> Hello
[0:10:57] <@NoWaddieNo> lovelyzsj jnbSalute
[0:10:57] <suhpremebeing> hows popa twitch??
[0:11:00] <%JayOhEeWhyy> @NoWaddieNo jnbSalute
[0:11:01] <@NoWaddieNo> norobizakano pokiEZ
[0:11:05] <@NoWaddieNo> jayoheewhyy jnbSalute
[0:11:07] <%CallMeInfinity> Dusty widepeepoHappy
[0:11:11] <%JayOhEeWhyy> jnbLUL
[0:11:12] <%NoRobizakaNo> @NoWaddieNo, pokiEZ
[0:11:12] <+mrpigy> pog
[0:11:14] <AlexFavela> POGGERS
[0:11:16] <suhpremebeing> ayee nice glad to hear!!
[0:11:19] <Proceduralperception> good to hear!
[0:11:19] <keepfr> Covid sucks
[0:11:19] <%Slum25> @jakenbakeLIVE looking cute today
[0:11:21] <%yuzuh> jnbL good to hear
[0:11:24] <Oncores> We love good news
[0:11:24] <@NoWaddieNo> slum25 jnbHey
[0:11:28] <%Genericooo> yo whats up Jake
[0:11:28] <@NoWaddieNo> yuzuh jnbSalute
[0:11:30] <%Andles1> WOW PogU
[0:11:36] <+BoyBola> COGGERS
[0:11:37] <GeddoeUK> its buy one get one free pizza day on tuesday too!
[0:11:44] <%Andles1> dustin Pog
[0:11:45] <%Slum25> NoWaddieNo jnbHey
[0:11:52] <%yuzuh> @NoWaddieNo jnbHey yoo
[0:11:52] <slow3valve> so 88 percent on the pulse ox is horrible, anything below 95 should be taken to the hospital
[0:11:53] <deheev> Yo
[0:11:59] <+evalive> My boss caught Covid, luckily he got it mildly and we work remotely, but I hope everyone who's got it gets better soon!
[0:12:02] <+semi14> hey what brand of glasses are those?
[0:12:04] <%Andles1> you even look like you got a lil hair today man
[0:12:07] <+semi14> !glasses
[0:12:12] <+semi14> lol nice
[0:12:20] <%fcliver> W peepoLeave W
[0:12:23] <%yuzuh> sounds cool widepeepoHappy
[0:12:31] <@NoWaddieNo> fcliver jnbW
[0:12:33] <+McFlip36> what me uppp
[0:12:36] <%Jajalembang> Pog
[0:12:36] <deheev> PogChamp
[0:12:40] <shwick2222> VoHiYo VoHiYo VoHiYo <3 <3 <3
[0:12:43] <%FangTitan> PogChamp
[0:12:44] <%fcliver> @NoWaddieNo haileenoUwu
[0:12:46] <+McFlip36> how’s ur day been?
[0:12:47] <%yuzuh> gonna take a nap so I can wake up for VR LULW
[0:12:49] <@NoWaddieNo> fcliver NOPERS
[0:12:49] <%Rizzchit> jnbW
[0:12:50] <%Shrinc> wawa1 wawa2
[0:12:52] <%Shrinc> wawa3 wawa4
[0:12:57] <%vantablackx> @fcliver lul
[0:12:59] <GeddoeUK> i havent watched in a while did your test come back negative jake?
[0:13:02] <Surfnturf> HYPERS LOOT BOX DOPAMINE TIME
[0:13:03] <%Andles1> wawa3 wawa2
[0:13:04] <%JayOhEeWhyy> PogChamp
[0:13:04] <+semi14> why was codemiko banned
[0:13:09] <@NoWaddieNo> Shrinc wawaSubs
[0:13:09] <Termiinal> Wow resets have been Pog for me, near bis 226 ring this week
[0:13:15] <%ltspol> catJAM
[0:13:17] <spaceballsco> pepeJAM
[0:13:18] <+semi14> LULW
[0:13:18] <%ltspol> we vibin
[0:13:18] <%CallMeInfinity> @GeddoeUK, yea, you could also do !covidupdate1 to 5 for updates
[0:13:19] <%yuzuh> truee
[0:13:22] <Phoroneus42> #unmodFrozzard #justice4Paul
[0:13:23] <%lovelyzsj> LUL
[0:13:24] <+Lynx_xOx> VAULT TIME Pog
[0:13:24] <%ltspol> PauseChamp
[0:13:25] <Termiinal> Lets gooo
[0:13:26] <%Andles1> still thinks he's getting interviewed PepeLaugh
[0:13:30] <Surfnturf> POXSTORM INC
[0:13:34] <%Shrinc> @nowaddieno wawaPog
[0:13:38] <Astronyt3> think she got banned for saying the "s" word
[0:13:40] <%kemosabe32> hes like matt damon
[0:13:47] <GeddoeUK> lol didnt even know covidupdate was a thing cheers :)
[0:13:52] <%vantablackx> W OMEGALUL W
[0:14:18] <%jxnseba> CiGrip
[0:14:23] <%ltspol> glad to hear widepeepoHappy
[0:14:25] <%yuzuh> FeelsGoodMan 👍
[0:14:26] <Oncores> W @jakenbakeLIVE
[0:14:26] <@NoWaddieNo> jxnseba jnbSalute
[0:14:28] <+evalive> I've been nostalgic for WOW so I might end up making a new account
[0:14:34] <Astronyt3> do 20 push ups lol
[0:14:35] <Oncores> Good vibes good times
[0:14:37] <%jxnseba> @NoWaddieNo jnbSubs
[0:14:57] <%CallMeInfinity> Okay do 40 EZ
[0:15:02] <+Lynx_xOx> how many can you do Jake?
[0:15:12] <Oncores> 69 Pushup for the memes Kappa
[0:15:45] <@Lobo_SF> 61 in 70 sec
[0:15:46] <Astronyt3> 52 is the highest i can do straight
[0:15:47] <+Lynx_xOx> damn Pog
[0:15:53] <%fcliver> @Lobo_SF jnbSalute
[0:16:02] <+dayvisit> !covidupdates
[0:16:05] <@Lobo_SF> @fcliver jnbL
[0:16:16] <%kaze_17> @fcliver jnbL
[0:16:17] <+dayvisit> covidupdate5
[0:16:22] <+dayvisit> !covidupdate5
[0:16:23] <@StreamElements> https://clips.twitch.tv/LittleCrispyPigeonLeeroyJenkins
[0:16:26] <@Lobo_SF> switch scene
[0:16:31] <%fcliver> @kaze_17 yo how u feeling man jnbL
[0:16:51] <Astronyt3> are those 10s or 20s
[0:17:02] <%fcliver> 5s
[0:17:07] <Astronyt3> LULW
[0:17:14] <spaceballsco> PepeLaugh
[0:17:24] <@NoWaddieNo> emoneyFlex
[0:17:27] <%CallMeInfinity> jnbSubs
[0:17:27] <%Rizzchit> 3s
[0:17:28] <%xydec> jnbSubs
[0:17:42] <%lovelyzsj> jnbSubs
[0:18:01] <%kaze_17> @fcliver a bit better. Still have chest congestion and body aches.
[0:18:01] <%Novinaoe> Hey guys!
[0:18:06] <%jxnseba> Jammies
[0:18:08] <%Knoives> morning jake and chat jnbSubs
[0:18:10] <@NoWaddieNo> Novinaoe jnbSalute
[0:18:12] <%camburger_> live already PogU
[0:18:15] <+McFlip36> SWOLE
[0:18:19] <@NoWaddieNo> Knoives morn jnbSalute
[0:18:20] <%kaze_17> @jxnseba jnbL
[0:18:23] <%YoloSwagBruh_> easyTV3 today? PogU
[0:18:24] <@NoWaddieNo> camburger_ jnbHey
[0:18:30] <%kaze_17> @knoives wawaHey
[0:18:30] <%jxnseba> @kaze_17 Kissahomie
[0:18:37] <%camburger_> @NoWaddieNo jnbHey
[0:18:43] <outcast_ghandii> @jakenbakeLIVE HELLO!
[0:18:57] <+McFlip36> SWOLEEEEE
[0:19:12] <%CallMeInfinity> Jebaited
[0:19:15] <%Rizzchit> KEKW
[0:19:15] <Astronyt3> monkaS
[0:19:18] <%YoloSwagBruh_> monkaS
[0:19:22] <@NoWaddieNo> rizzchit jnbW
[0:19:22] <+Lynx_xOx> uh oh monkaS
[0:19:23] <%cashcatt> monkaGIGA
[0:19:23] <%Rizzchit> banned LUL
[0:19:23] <itsTh0m> KEKW
[0:19:31] <%CallMeInfinity> That one GM got you banned
[0:19:31] <cremeii777> KEKW banned
[0:19:32] <%CallMeInfinity> monkaW
[0:19:32] <%Knoives> monkaW
[0:19:39] <%Babbaganoosh> NotLikePepe
[0:19:50] <%cashcatt> lickR monkaW lickL
[0:19:55] <%Rizzchit> servers dead :)
[0:19:59] <+c0gnusTV> monkaW
[0:20:06] <cremeii777> monkaW
[0:20:08] <@NoWaddieNo> cashcatt jnbHey
[0:20:08] <%Novinaoe> monkaS
[0:20:13] <slow3valve> any outside plans for this week?
[0:20:16] <%cashcatt> @NoWaddieNo quinL
[0:20:19] <%fcliver> @kaze_17 yea i was the same hopefully at the end of the week youll feel better jnbBless
[0:20:34] <%Rizzchit> seeing if i have problems on my end
[0:20:37] <%lovelyzsj> the clan got you
[0:20:37] <%Rizzchit> one sec
[0:20:42] <%obdna> jnbHey
[0:20:52] <cremeii777> jnbSmash
[0:20:59] <@NoWaddieNo> obdna jnbHey
[0:21:04] <%cashcatt> esfand is online, idk if that's illidan
[0:21:14] <%Rizzchit> frostmourne is fine
[0:21:18] <%obdna> @NoWaddieNo jnbYo
[0:21:30] <Termiinal> Im online on illidan
[0:21:39] <Termiinal> but one of my tanks is having issues connecting on area 52
[0:22:00] <%Rizzchit> check addons?
[0:22:08] <%fcliver> PogChamp
[0:22:12] <%Goldsrc> HACKERMANS im in
[0:22:15] <%kemosabe32> HACKERMANS 2 late
[0:22:25] <Termiinal> Flushing dns fixed the issue for my friend if it continues for you
[0:22:29] <@dium> TriHard
[0:22:36] <%Rizzchit> catJAM
[0:22:38] <ignatius_bio> hi, I'm from Spain
[0:23:04] <ignatius_bio> i know it's too important for you guys
[0:23:10] <뽀큐피자> its already na reset?
[0:23:12] <$thisbeatsworking> Absolute wake n jake
[0:23:13] <%Knoives> monkaW
[0:23:24] <kaze_17> @rizzchit wawaHey
[0:23:27] <%Knoives> vault time peepoClap
[0:23:28] <Ingvarkamphund> Jake I miss you in Japan a lot :'( cheers from Sweden
[0:23:30] <Surfnturf> vault time best time
[0:23:39] <%Rizzchit> vault time jnbBless
[0:23:50] <@NoWaddieNo> jnbBless
[0:23:51] <%Goldsrc> jnbBless
[0:23:51] <%YoloSwagBruh_> jnbBless cyrBlood pls bloodgod give good items
[0:23:54] <%Rizzchit> yep firelands
[0:23:56] <%lovelyzsj> jnbBless
[0:24:16] <%Rizzchit> cata timewalking
[0:24:33] <%Adrith22> PepeLaugh
[0:24:40] <Surfnturf> yea
[0:24:46] <%lovelyzsj> There ya go Jake There ya go
[0:24:49] <%Rizzchit> yea trinket
[0:24:53] <+c0gnusTV> trinket is kind of expensive anyway
[0:25:26] <charlesbarracuda> you're my favorite e-girl streamer
[0:25:36] <%Moisted_Melons> stage 5 with jake yet?
[0:25:38] <Surfnturf> gl gamer
[0:25:45] <+Zarl420> Whats your nathria progression?
[0:25:57] <%CallMeInfinity> GL on drops
[0:26:03] <@dium> oh
[0:26:04] <+Zarl420> still only 9/10 hc sadge
[0:26:07] <@dium> you put the authenticator on
[0:26:08] <@dium> PogU
[0:26:31] <%Rizzchit> nice ilvl
[0:26:48] <%Rizzchit> 9.1 probably
[0:27:01] <@dium> ¯\_(ツ)_/¯
[0:27:04] <@dium> well not like you need it
[0:27:07] <@dium> LULW
[0:27:07] <+c0gnusTV> no authenticator monkaW
[0:27:42] <%Rizzchit> dunno all of lfr isnt even out, probably 9.1 patch for 2 legendaries
[0:27:58] <%Andles1> i dont know what that means but PogU (i think)
[0:27:58] <@dium> tfw no pvp gear to carry ilvl Sadge
[0:28:19] <%bluey_52> yabbeNerd Clap
[0:28:36] <%Rykane> yo jnbL
[0:28:47] <@NoWaddieNo> @rykane jnbSalute
[0:28:52] <%Rykane> @NoWaddieNo jnbL
[0:28:53] <@dium> damn they pumping
[0:28:55] <%Rizzchit> how is outlaw going
[0:29:10] <@dium> he still sub
[0:29:15] <%Rizzchit> i know
[0:29:20] <%DigitalBoba> digita165HI digita165HI
[0:29:30] <@NoWaddieNo> hey @digitalboba
[0:29:57] <cuttyriver420> cyrL cyrL cyrL cyrL cyrL cyrL
[0:30:32] <cuttyriver420> cyrPoogers
[0:30:34] <%Rykane> PogU
[0:30:40] <HarryO__o> Rising like a phoenix
[0:30:45] <%Rizzchit> wow the frame drop wtf
[0:30:49] <cuttyriver420> cyrL cyrL cyrL cyrL cyrL cyrL cyrL cyrL cyrL cyrL
[0:31:14] <%bluey_52> Hi WoW narrator voice, should I be particularly cautious at this moment?
[0:31:40] <%bluey_52> ok thanks!
[0:31:49] <%Knoives> PogU
[0:32:02] <%GreenyScott> i cant tell if my internet is dying or the stream
[0:32:06] <%Goldsrc> F?
[0:32:11] <heltrxskeltr> ya jake your frames are dying
[0:32:11] <%GreenyScott> but since noone else is saying anything im inclined to think its my internet
[0:32:17] <%bluey_52> I'm getting it too
[0:32:18] <heltrxskeltr> nah it's him
[0:32:21] <%GreenyScott> ok thank god
[0:32:32] <%fcliver> frames modCheck
[0:32:46] <%Rizzchit> yea frames got rekt
[0:32:57] <%GreenyScott> i've been having really bad net problems this last week so i wasnt sure
[0:34:08] <%fcliver> pepeJAM
[0:34:44] <%bluey_52> good for me now
[0:34:52] <%Rizzchit> lets see this lock dmg
[0:34:52] <+c0gnusTV> is this normal?
[0:35:11] <%fcliver> is that why u disconnected
[0:35:17] <@dium> have you been raiding with idiots on and off
[0:35:27] <%Knoives> just reflask
[0:35:55] <%bluey_52> monkaS
[0:36:23] <slow3valve> whats the tos like on twitch for guns ?
[0:36:57] <dankNstein_> got my keystone master mount today FeelsGoodMan
[0:37:06] <%Rizzchit> 4 huntards smh
[0:38:34] <%bluey_52> COGGERS BE COGGERS WARE COGGERS
[0:40:08] <@dium> hey chat
[0:40:17] <@dium> i found a clip teaching me how to play mage
[0:40:19] <@dium> https://clips.twitch.tv/CogentHonorableRavenHumbleLife
[0:40:28] <shwick2222> wew
[0:40:43] <%Rizzchit> all fights are ranged fights :)
[0:40:55] <slow3valve> SeemsGood
[0:41:03] <%PocketCrab> Whats up Jake and chat. How is everyone today? jnbHey
[0:41:04] <%vantablackx> @dium okay that's pretty cool
[0:41:06] <dankNstein_> this is a ranged friendly season
[0:41:08] <%Rizzchit> nice
[0:41:12] <@dium> yeah hateful cahin is a good one
[0:41:14] <dankNstein_> hateful chain is okay
[0:41:17] <%grogghan> grogghan subscribed at Tier 1. They've subscribed for 12 months! wtf now i can do a sub message . oh well one year lets go jnbL
[0:41:18] <@StreamElements> grogghan just subscribed for 12 months in a row PogChamp
[0:41:19] <%PocketCrab> wawaPog
[0:41:27] <dankNstein_> the problem with it is that its buggy
[0:41:33] <%fcliver> @grogghan Pog
[0:41:36] <%bluey_52> SeemsGood
[0:41:48] <%Knoives> @dium holy shit that guy is rping frost in rl , so good LUL
[0:41:58] <%kaze_17> @grogghan jnbL
[0:41:58] <shwick2222> ayayayya
[0:42:07] <%grogghan> @kaze_17, fcliver jnbL
[0:42:14] <%CACA_LOCO> @grogghan, horns PogU
[0:42:21] <%PocketCrab> @kaze_17 jnbL how ya doin?
[0:42:24] <%grogghan> @caca_loco, yea Pog jnbL
[0:42:36] <%Rizzchit> its buggy?
[0:42:41] <dankNstein_> i have one and i dont like it at all
[0:42:41] <@dium> hateful chain will be about 1-2% of your damaghe
[0:42:47] <%CACA_LOCO> you already got 2 subs? POGGERS
[0:42:51] <%bluey_52> D:
[0:43:02] <%kaze_17> @pocketcrab jnbL bit better, chest congestion and body aches only now
[0:43:07] <dankNstein_> if you target soemthing after getting out of combat it can actually pull
[0:43:13] <dankNstein_> so you have to be careful with it
[0:43:21] <dankNstein_> in m+
[0:43:27] <%PocketCrab> ayy thats good to hear @kaze_17 t2tPunk
[0:43:38] <%bluey_52> Sadge no loving chain
[0:43:44] <dankNstein_> no hateful chain
[0:43:58] <@dium> you want the weapon token from sire
[0:44:02] <%kaze_17> @caca_loco jnbL
[0:44:02] <@dium> for a combat one
[0:44:19] <%CACA_LOCO> @kaze_17, jnbL
[0:44:22] <dankNstein_> you can test hateful chains bug, you hit a target dummy get out of combat then click on another target dummy and it will hit it even if you arent in combat
[0:44:26] <dankNstein_> so it can ninja pull in dungeons
[0:44:28] <%Rizzchit> you're minted if you get the weapon
[0:44:40] <%bluey_52> hachuG got it
[0:45:24] <@dium> you parsed 73% https://www.warcraftlogs.com/reports/kFcCQZj9DWVMTGRf#fight=4&type=damage-done
[0:45:45] <@dium> no that's the hunter
[0:45:46] <@dium> OMEGALUL
[0:45:46] <%bluey_52> jnbSubs
[0:45:51] <%GreenyScott> LUL
[0:45:52] <stalys_> Jebaited
[0:46:04] <%bluey_52> do you mean top 3%?
[0:46:05] <@dium> oh
[0:46:07] <@dium> yeah 96%
[0:46:21] <@dium> save your cds for the slam
[0:46:26] <shwick2222> VoHiYo VoHiYo VoHiYo VoHiYo luuaAmaze
[0:46:26] <%bluey_52> er 4 FeelsDankMan
[0:46:30] <@dium> the pillar slam
[0:46:31] <%Rizzchit> melee just sucks against sludgefist
[0:46:58] <dankNstein_> not sure if i should push 1400 io or just say fuck it and go night fae and mess around since i got my keystone master mount
[0:47:14] <+SureCake> mkoFace1 mkoFace3 mkoFace1 mkoFace3 mkoFace1 mkoFace3
[0:47:28] <@dium> are you alliance
[0:47:30] <@dium> can you carry me in keys
[0:47:31] <Lindorn_> blast goliaths
[0:47:32] <%EMP_IFC_CALNETO> wawaChill
[0:47:45] <dankNstein_> horde
[0:48:01] <@dium> poverty 831 io
[0:48:02] <@dium> Sadge
[0:48:03] <dankNstein_> i should be way higher io but i literally dont play wow at all on tyrannical weeks PepeLaugh
[0:48:31] <%bluey_52> PepoG
[0:49:19] <%bluey_52> D:
[0:49:22] <%Rizzchit> firelands
[0:49:24] <%Xelog> yishaiHug
[0:49:27] <%Knoives> firelands dungeons
[0:49:27] <@dium> memelands
[0:49:30] <$HeromanJagermanJenson> KKool
[0:49:33] <%bluey_52> D: D:
[0:49:49] <dwayne0800> !covid
[0:49:49] <@StreamElements> "This is an old one. Check !COVIDUPDATE5 for the latest update." Mom tested positive for COVID-19: https://clips.twitch.tv/CrunchyHealthyLasagnaFloof — Currently, my entire family has developed slight symptoms (fever, fatigue). I have little to none, yet. Things seem stable. Wear your mask, don't meet others. Learn from this. You can never be too careful. <3 — More updates to come soon!
[0:49:51] <%nerotix> @jakenbakeLIVE ma boii, how u doing
[0:49:53] <dankNstein_> the sun king trinket is better
[0:49:58] <+c0gnusTV> is firelands tw a thing?
[0:50:06] <%grogghan> yes its a thing
[0:50:09] <dankNstein_> those trinkets should be nerfed in pvp
[0:50:10] <sam_mccarty03> hi im new her just followed
[0:50:14] <dankNstein_> ppl were abusing them on beta
[0:50:17] <sam_mccarty03> here*
[0:50:19] <@dium> no
[0:50:21] <%bluey_52> hi sam
[0:50:25] <dankNstein_> there is a raid
[0:50:27] <@dium> once in a "while" though
[0:50:30] <%bubbygold> !covidupdate6
[0:50:30] <sam_mccarty03> 👋 hi
[0:50:31] <dankNstein_> just like ulduar
[0:50:50] <@dium> is the raid up now
[0:50:51] <sam_mccarty03> what rust server does he play on?
[0:51:28] <sam_mccarty03> does anyone know?
[0:51:33] <%grogghan> the divide
[0:51:53] <sam_mccarty03> is that the server ?
[0:51:57] <@dium> the rp server
[0:51:59] <%grogghan> yea the OTV one
[0:52:08] <+sterowentUS> it is, but good luck getting on that one. it's impossible for most people
[0:52:10] <%gritz_n_pitz> Hey Jake how you feelin today? jnbL
[0:52:10] <%cheeseyoatmeal> yo mans out there grinding early todeay i love it
[0:52:15] <%gritz_n_pitz> @grogghan jnbL
[0:52:26] <%grogghan> @gritz_n_pitz, jnbL
[0:52:27] <dankNstein_> timewalking firelands is up
[0:52:30] <sam_mccarty03> oh no im not i was just curious
[0:52:35] <%fcliver> @gritz_n_pitz jnbSalute
[0:52:37] <%gritz_n_pitz> dium TriWave
[0:52:39] <dankNstein_> can find groups in the legacy raid finder
[0:52:42] <%gritz_n_pitz> @fcliver jnbSalute
[0:53:20] <+sterowentUS> oh, excuse me rather.
[0:53:41] <%golaki> jnbSubs
[0:53:52] <gritz_n_pitz> @golaki jnbL
[0:54:33] <%bluey_52> Hi WoW narrator voice, if Jake can't play, say "beware"
[0:55:11] <%bluey_52> PepeLaugh
[0:55:39] <%grogghan> yea
[0:55:41] <%grogghan> you're good
[0:55:46] <+Joey_Crusher> hyubPog cclamQ1 hyubHarro cclamQ1_HF hyubC
[0:56:06] <Termiinal> Stone legions about cleave
[0:56:08] <Termiinal> focus adds only
[0:56:11] <%nerotix> cleaving is really good here, indeed
[0:56:20] <%nerotix> hi btw jaku <3
[0:56:30] <%chocobo6> hi jaku
[0:56:42] <eiyzen> my fav gay stremer whats your ilvl
[0:56:47] <%Rizzchit> yea outlaw better
[0:56:54] <%grogghan> @rizzchit, jnbL
[0:57:02] <eiyzen> hell yeah duuud
[0:57:15] <%chocobo6> how is your papa doing BibleThump
[0:57:22] <%cheeseyoatmeal> @eiyzen "our" favorite gaymer streamer
[0:57:28] <%bluey_52> hachuPerbert Clap
[0:57:30] <%gritz_n_pitz> jnbSubs
[0:57:47] <%Knoives> jnbSubs
[0:57:48] <%gritz_n_pitz> There ya go Jake jnbSubs There ya go Jake jnbSubs There ya go Jake jnbSubs There ya go Jake jnbSubs
[0:57:57] <%cheeseyoatmeal> jnbStory jnbStory
[0:58:04] <eiyzen> he should just lose face cam and zoom right in and it would be irl world of warcraft
[0:58:23] <%cosmic46> cosmic46 subscribed at Tier 1. They've subscribed for 15 months, currently on a 2 month streak! <3
[0:58:24] <@StreamElements> cosmic46 just subscribed for 15 months in a row PogChamp
[0:58:25] <Chemical_ZerO> kick his ass sea bass
[0:58:36] <GIANTZ567> Bruhh tf is this??? Only 250 views?
[0:58:41] <GIANTZ567> I expected much more
[0:58:44] <%bluey_52> jnbYo
[0:58:52] <@dium> it's fine
[0:58:54] <eiyzen> weekday people be working
[0:58:58] <@dium> ya
[0:59:01] <@dium> and he's cozy
[0:59:33] <eiyzen> ele and marksman really do be doin damage
[1:00:11] <sam_mccarty03> is he in the same server as the cam boys?
[1:01:21] <sam_mccarty03> on rust
[1:02:13] <%Rizzchit> hes on otv rp
[1:02:44] <%Rizzchit> oof that dmg
[1:02:45] <%lanqin> monkaW
[1:02:47] <%lovelyzsj> Perfect
[1:02:59] <%bluey_52> 4Shrug
[1:03:03] <franklito> double dipped
[1:03:14] <heltrxskeltr> ya u did
[1:03:33] <%EatYoVegetablez> yo how we doin every1
[1:03:59] <%EatYoVegetablez> ill be lurkin throughout the day ;)
[1:04:34] <%bluey_52> monkaW
[1:04:44] <Termiinal> Aye nice
[1:05:02] <%gritz_n_pitz> @EatYoVegetablez have fun lurking jnbL
[1:05:10] <%Rizzchit> make your dps meter bigger for top 10
[1:05:16] <%EatYoVegetablez> @gritz_n_pitz jnbL thanks bb
[1:05:40] <%bluey_52> protip: save time by not watching your hands
[1:06:00] <@Moobot> Ask a moderator for permission before posting a link, @nerotix (warning)
[1:06:15] <%nerotix> ah crapper, any mod here for allowing me to post a link?
[1:06:44] <%gritz_n_pitz> modCheck
[1:06:51] <Termiinal> Darnathrius is pretty tight with a large group but you guys have good dps so I think youll be ight
[1:06:53] <+mT_MaZe> mT_MaZe subscribed with Prime. They've subscribed for 28 months! 
[1:06:53] <@StreamElements> mT_MaZe just subscribed for 28 months in a row PogChamp
[1:06:57] <%PocketCrab> modCheck
[1:07:01] <+c0gnusTV> damn idiots is further in progression than i thought
[1:07:02] <%gritz_n_pitz> @PocketCrab Kissahomie
[1:07:17] <%PocketCrab> @gritz_n_pitz jnbHey Kissahomie
[1:07:20] <%nerotix> thats how I always check what I do wrong
[1:07:31] <%chorou> oh jakes streaming early today
[1:07:50] <dankNstein_> there are chinese mages that are averaging over 10k overall dps in m+ lol
[1:08:14] <Termiinal> Im just happy im averaging over 5k now as frost lol
[1:08:15] <+bobapoo32> nymnSubs
[1:08:16] <%gritz_n_pitz> @PocketCrab hows the NE today?
[1:08:52] <%chocobo6> I wish I could play wow NotLikeThis BibleThump
[1:09:17] <%PocketCrab> kinda chilly 25F rn. Hows it goin over there?
[1:09:42] <%chocobo6> !weather
[1:09:43] <@Nightbot> Weather for Los Angeles: Conditions are Fair with a temperature of 71F (22C). The wind is blowing from the ENE at 12mph (19km/h) and the current humidity is 14%.
[1:09:46] <%chocobo6> lol
[1:09:58] <%chocobo6> nice and warm in Arizona Kreygasm
[1:10:14] <%bubbygold> jnbSubs
[1:10:19] <%COMA70S3> Homie gotta cast SnD @_@
[1:10:20] <%PocketCrab> havent had much snow so far this season which is nice lol @gritz_n_pitz
[1:11:05] <%chocobo6> I haven't seen snow in 10 years feelsbadman
[1:11:15] <%PocketCrab> Sadge
[1:11:22] <+c0gnusTV> Sadge
[1:11:55] <%GreenyScott> it's been like 15 years for me FeelsBadMan
[1:11:58] <%bubbygold> Nice dodges
[1:12:32] <%chocobo6> mayb this year I will bring my drone and drive to the mountains BibleThump
[1:13:00] <%PocketCrab> that sounds fun Pog do it @chocobo6 !
[1:13:20] <%gritz_n_pitz> @PocketCrab yeah its Windy AF here
[1:13:20] <%chocobo6> SeemsGood BibleThump
[1:13:59] <+StereoSev> @jakenbakeLIVE are you nervous about tmo
[1:14:18] <yptsx> this heroic ? or
[1:14:28] <+thelyrykal> I’m just here for the coomer content
[1:14:37] <%turbotimmy7> I'm soakin gachiW
[1:15:25] <%turbotimmy7> don't wipe PepeLaugh
[1:15:28] <Termiinal> Damn close
[1:15:32] <Ayoitzshadee> oof
[1:15:40] <%frizbro> Very close
[1:15:42] <elliottjp> is this heroic?
[1:15:43] <%bubbygold> so close too damn
[1:15:53] <%PocketCrab> @gritz_n_pitz sounds like SMOGGERS to me. wind always wrecked my sinuses there
[1:16:02] <%COMA70S3> @jakenbakeLIVE maintain slice and dice
[1:16:17] <%gritz_n_pitz> @PocketCrab Yeah i know and it is bad for CurseLit
[1:16:20] <%gritz_n_pitz> monkaW
[1:16:20] <%nerotix> weakaura dude
[1:16:27] <Termiinal> I use TellMeWhen for that
[1:16:30] <@dium> hey chat i start my MSc in 2 hours monkaW
[1:16:32] <%PocketCrab> oh yeah that too! monkaW
[1:16:36] <%COMA70S3> Classtimer is what I use for those
[1:16:36] <@dium> zoom university monkaW
[1:16:56] <%Lost_soul29> !uptime
[1:16:57] <@StreamElements> @Lost_soul29, jakenbakelive has been streaming for 1 hour 17 mins
[1:17:19] <%gritz_n_pitz> monkaW Zoom Uni
[1:18:41] <%golaki> i watched some dr k talk about zoom and the nature of students being unable to focus using that tech
[1:19:01] <%Drs_Strange> Drs_Strange subscribed with Prime. They've subscribed for 27 months! 
[1:19:01] <@StreamElements> Drs_Strange just subscribed for 27 months in a row PogChamp
[1:19:28] <%Rizzchit> jnbSubs
[1:19:34] <%YoloSwagBruh_> the moving eyes on monkaw stresses me out
[1:19:47] <%golaki> school curriculum isn't designed for zoom.
[1:19:53] <houtarou21> !commands
[1:19:57] <houtarou21> sike
[1:20:03] <houtarou21> NotLikeThis
[1:20:07] <%fcliver> !jake
[1:20:08] <@StreamElements> New to stream? Why is Jake in Japan? A quick intro: https://clips.twitch.tv/SlipperyVastDinosaurKappaWealth jnbStory
[1:20:18] <%fcliver> !friends
[1:20:19] <@StreamElements> Friends list: !Miyuki, !Taro, !Yurie, !Kanna, !Haruna, !Bella, !Ayaka, !Natsuki, !Yutaka, !Naoka, !Yuki, !Emi, !Yoshi, !Michi, !Dustin, !Kana, !Chego, !Mao, !Hiroko, !Anna, !Will, !Tommy, !Hamish, !Amy, !Emu, !Calvin, !Ao, !Do, !Ramown, !Cloud, !Idoltom, !Lucas, !Lava, !Isa, !Water, !Alicia, !Emi2, !John, !Natsumi, !Yuri .. jnbFriends
[1:20:22] <alixsprallix> hi
[1:21:26] <%golaki> is this the same group of peeps from yesterday or that other funny guy?
[1:22:04] <dankNstein_> guys the cats did something amazing on rust LULW
[1:23:19] <%golaki> sounds organized
[1:23:51] <%Drs_Strange> np thats why we got cheat death :D
[1:24:52] <%chocobo6> I remember ganking noobs coming out of orgrimar that were dueling in the front on my rogue LUL
[1:25:06] <%chocobo6> the memories BibleThump BibleThump
[1:26:00] <%chocobo6> I spend hour just killing people finishing their duels LUL
[1:26:04] <%nerotix> gz with curve ;D
[1:26:04] <+Germcb2005> GZ
[1:26:04] <franklito> gg
[1:26:05] <Termiinal> Clean fight
[1:26:06] <%Drs_Strange> gg
[1:26:12] <franklito> you need that slice and dice weakaura tho ^^
[1:26:15] <%chocobo6> SeemsGood SeemsGood SeemsGood SeemsGood SeemsGood
[1:26:20] <Termiinal> I got mine last week deff satisfying
[1:26:25] <%COMA70S3> That is the end, new raid
[1:26:25] <%golaki> jnbN
[1:26:26] <%fcliver> DANKIES
[1:26:28] <+Germcb2005> new raid
[1:26:29] <dankNstein_> theres mythic
[1:26:30] <franklito> separate raid/story
[1:26:32] <HexKaliber> Separate raid
[1:26:35] <sachkebab_> !emu
[1:26:35] <@StreamElements> https://clips.twitch.tv/VibrantVainFoxBCouch
[1:27:02] <@dium> the haste gear good for combat
[1:27:17] <%COMA70S3> @jakenbakeLIVE wowanalyzer is a great website to see what you can do better if you're uploading logs.
[1:27:22] <%gritz_n_pitz> LULW
[1:28:40] <+Garpe> the raid
[1:28:40] <dankNstein_> its a timewalking raid
[1:28:45] <dankNstein_> it will scale you down to that level
[1:29:03] <%SVPV> yishaiHug this is so damn cute wtf
[1:29:05] <dankNstein_> its gold for alts
[1:29:24] <dankNstein_> timewalking raids is the easiest way to gear up alts
[1:29:24] <%vodloser> yishaiHug
[1:29:40] <hehexd969> bruhhh what in the hell is that transmog dude
[1:29:43] <%vodloser> hi jack jnbHey
[1:30:04] <franklito> tank trinket i believe
[1:30:21] <%cheeseyoatmeal> so wack
[1:30:41] <%cheeseyoatmeal> hey jack hope your dad is doign better today
[1:30:42] <%ShredMon> hey jake n chat jnbHey
[1:30:50] <%cheeseyoatmeal> jnbHey jnbAw
[1:30:53] <saladbread123> jnbVOD
[1:30:57] <%zonkedhazmat> @nowaddieno jnbSalute
[1:31:14] <@NoWaddieNo> @zonkedhazmat I'm lurking but rcd7
[1:31:21] <youngab128> Hey jake
[1:31:47] <+zonkedhazmat> @NoWaddieNo rcdKek I always see you lurkin
[1:31:53] <%vodloser> NoWaddieNo jnbW
[1:32:32] <%zonkedhazmat> @vodloser rcd7
[1:32:36] <@NoWaddieNo> @zonkedhazmat I'm just a lurker what can I say LUL
[1:32:41] <%gritz_n_pitz> must be nice to have Dusty back in the house jnbL
[1:32:46] <@NoWaddieNo> @vodloser wawaW
[1:32:47] <%vodloser> zonkedhazmat rcd7
[1:33:06] <%ShredMon> oh dustin is back? nice
[1:33:08] <%gritz_n_pitz> @NoWaddieNo jnbL
[1:33:45] <@NoWaddieNo> @gritz_n_pitz wawaComfy
[1:34:30] <Termiinal> I hit 218 pve today
[1:34:37] <%nerotix> u cant see discs
[1:34:41] <Termiinal> There are these lanterns you have to stand in to see the discs
[1:34:48] <%nerotix> u need to have a carrier that gives u a debuff so u can see the discs
[1:34:50] <%COMA70S3> white circles are invisible. There is a lantern that lets you see them, but gives you a dot
[1:34:59] <%COMA70S3> It's very easy with a few dif strats
[1:35:09] <%nerotix> very easy idd
[1:36:43] <%nerotix> benched FeelsBadMan
[1:36:45] <%CallMeInfinity> dps modCheck
[1:36:45] <%COMA70S3> Why not?
[1:36:49] <franklito> :( happens
[1:37:06] <Brunhiltt> 21st man Sadge
[1:37:13] <%COMA70S3> Yoh take the time to get a timer addon like ClassTimer
[1:37:37] <youngab128> Lol
[1:38:46] <%chocobo6> BibleThump
[1:38:58] <AzureAtlas> idk whats happpening :)
[1:39:13] <koalasgonewild> @azureatlas me neither 🥴
[1:40:07] <%turbotimmy7> just need 20 hunters EZ
[1:40:13] <Termiinal> Niice ive gotta find a mythic group myself
[1:40:22] <Termiinal> my usual raid group is on area 52 but im on illidan
[1:40:50] <%Pen_OW> glhf
[1:40:53] <Xindru> is mythic only 20 or flex ?
[1:41:01] <+cbjester> Rust should be so good the next server wipe with all the new additions allowed to start on Day 1.
[1:41:06] <%CallMeInfinity> jnbBless GL
[1:41:21] <%YoloSwagBruh_> ratJAM PANDA THIS
[1:41:58] <Seabear7> mythic is hard scaled to 20 and cant have over that
[1:42:10] <shwick2222> VoHiYo VoHiYo VoHiYo VoHiYo
[1:42:11] <Xindru> and lower?
[1:42:19] <haltux> monkaHmm no VR? peepoLeave
[1:42:23] <Seabear7> you can have lower, but the boss will be scaled to 20
[1:42:29] <Xindru> ah ok thx
[1:42:56] <thiccccheese> dps modCheck
[1:43:39] <+Jaemi> PogChamp
[1:43:53] <thiccccheese> lantern is so u can see discs
[1:44:15] <+sayGemli> KomodoHype
[1:44:21] <+bliiinkymoo> youre a panda rogue?
[1:44:23] <thiccccheese> Pog
[1:44:25] <%Rizzchit> rip
[1:45:21] <monikaqt> since when was jake playing wow lol
[1:45:39] <Aikeleled> TriHard
[1:45:43] <%CallMeInfinity> jnbBless
[1:45:45] <%COMA70S3> Pants are BiS too
[1:45:48] <thiccccheese> imagine getting loot LULW
[1:46:01] <%gritz_n_pitz> 🤞
[1:46:19] <+LeesLife> papa twitch still doing better?
[1:50:35] <%BadAtAnyGame> big dam PogU
[1:50:50] <Shailax> PUMP MY ASS gachiBASS
[1:51:09] <%CallMeInfinity> @LeesLife jnbBless Yea he's been doing much better than before thankfully
[1:51:37] <%CallMeInfinity> wtf
[1:51:38] <thiccccheese> LULW
[1:51:47] <thiccccheese> u stood in the boss circle
[1:51:47] <Termiinal> Got in the circle
[1:51:50] <heltrxskeltr> you got hit by the aura
[1:51:52] <marchellalikestacos> Jake where you at nowa days??
[1:51:53] <heltrxskeltr> his aura
[1:51:57] <Termiinal> Still killed tho
[1:51:57] <heltrxskeltr> you can't let that touch you
[1:51:58] <thiccccheese> yes
[1:52:06] <thiccccheese> u got clipped
[1:52:08] <heltrxskeltr> yes
[1:52:13] <heltrxskeltr> you can't hide from it
[1:52:17] <thiccccheese> no loot for jake
[1:52:19] <thiccccheese> :(
[1:52:33] <Josherm> GGs dude at least!
[1:53:19] <Termiinal> its all 200ilvl
[1:53:27] <%CallMeInfinity> monkaW Real boss
[1:53:29] <Termiinal> unless you want mog
[1:53:54] <%grogghan> Cyr's on Rust , could join him
[1:54:03] <Termiinal> Depending on how they scale some trinkets might be good tho
[1:54:49] <Termiinal> Yeah main stat is king rn
[1:55:06] <%COMA70S3> Defenses, interrupts, anti-enrage, can teleport for mechanics, can help M+ skip an entire fight. Not=Monk
[1:55:07] <@dium> LULW
[1:55:15] <%gritz_n_pitz> Pog
[1:55:17] <%Knoives> PogU
[1:55:18] <%YoloSwagBruh_> Pog
[1:55:32] <capital_d_stolen> PogChamp PogChamp PogChamp PogChamp
[1:55:36] <%YoloSwagBruh_> crunches for every loss
[1:55:54] <%COMA70S3> The issue is Rogue does not bring +5% phys debuff onto the boss :(
[1:55:59] <@dium> skirmish and rbgs are weekly
[1:56:53] <%YoloSwagBruh_> if u queue with a healer in skirms it automatically puts you in 3s
[1:57:08] <@dium> LULW
[1:57:18] <%Knoives> EZ
[1:58:20] <%CallMeInfinity> cmonnn
[2:01:06] <%fcliver> Sadge
[2:01:28] <whathapp3n3d> !COVIDUPDATE5
[2:01:28] <@StreamElements> https://clips.twitch.tv/LittleCrispyPigeonLeeroyJenkins
[2:01:48] <kuurome__> LULW
[2:01:51] <%YoloSwagBruh_> crunches modCheck
[2:02:00] <%CallMeInfinity> monkaW
[2:02:00] <%OniiJabroniChan> LUL get rekt nerd
[2:02:00] <@Lobo_SF> lol
[2:02:04] <@Lobo_SF> rekt
[2:02:04] <%Rizzchit> KEKW
[2:02:07] <%YoloSwagBruh_> KEKW
[2:02:10] <+TerrenceEnjoys> yeah get em Jake!
[2:02:12] <kuurome__> Dumbass LULW
[2:02:13] <%SFLopezz> Look
[2:02:14] <%SFLopezz> Lool
[2:02:16] <%fcliver> i care Sadge
[2:02:22] <%CallMeInfinity> Sadge
[2:02:47] <%golaki> all i heard was get wrekt. something good must have happened
[2:02:48] <+RatHolee> show gear
[2:02:59] <Coomer_McBoomer> @jakenbakeLIVE have you seen the traielr for niblon?
[2:03:16] <Coomer_McBoomer> @jakenbakeLIVE niblon this foreskin lmao
[2:03:22] <%grogghan> PepeLaugh
[2:03:26] <%YoloSwagBruh_> PepeLaugh
[2:03:26] <thiccccheese> PepeLaugh
[2:03:29] <%Knoives> PepeLaugh gottem
[2:03:29] <%gritz_n_pitz> PepeLaugh
[2:03:30] <thiccccheese> EZ
[2:03:32] <%CallMeInfinity> PepeLaugh
[2:03:45] <+SureCake> mkoFace1 mkoMouthOh mkoFace3
[2:03:46] <%gritz_n_pitz> I cant read the time its upside down
[2:03:57] <%fcliver> wait is jake playing with chloe
[2:04:00] <%CallMeInfinity> Yea
[2:04:02] <Fade_SE> what rating are they playing at?
[2:04:07] <%grogghan> Skirmishes
[2:04:16] <%YoloSwagBruh_> woyers monkaS
[2:04:20] <+RatHolee> double warriors , thanks painful monkaS
[2:04:25] <thiccccheese> arms is spoopy
[2:04:28] <%grogghan> do you have the weekly quest?
[2:04:29] <%fcliver> PogU
[2:04:52] <%fcliver> did she just join
[2:06:11] <%mantic_LE> mantic_LE subscribed with Prime. They've subscribed for 32 months! Hi Jake :)
[2:06:12] <@StreamElements> mantic_LE just subscribed for 32 months in a row PogChamp
[2:06:36] <+010000100101010001000011> sup josh
[2:06:54] <%eeimot> jnbHey
[2:07:01] <%eeimot> hi frens
[2:07:14] <%eeimot> whats good jake
[2:07:15] <%gritz_n_pitz> see if her character can do crunches in WOW LUL
[2:07:25] <%fcliver> Nice
[2:07:25] <%gritz_n_pitz> @eeimot jnbL
[2:07:31] <%fcliver> @eeimot jnbHey
[2:07:43] <Coomer_McBoomer> jnbCmon_SG yo
[2:07:47] <%eeimot> @gritz_n_pitz @fcliver jnbL jnbL hi
[2:07:52] <thiccccheese> so much healing against this team
[2:07:54] <thiccccheese> gonna suck
[2:09:02] <%eeimot> how do you keep up with all those abilities
[2:09:11] <%fcliver> DANKIES
[2:09:19] <%eeimot> NotLikePepe
[2:09:25] <%CallMeInfinity> EZ
[2:09:29] <%gritz_n_pitz> EZ Clap
[2:09:31] <%Knoives> Pog
[2:09:41] <+ParrotParfait> EZ Clap
[2:09:47] <%fcliver> idk but EZ Clap
[2:09:51] <+ParrotParfait> Maxed out damage
[2:09:55] <%gritz_n_pitz> Healing beast
[2:10:07] <%SidewindeRj> SidewindeRj subscribed at Tier 1. They've subscribed for 31 months! 31 months baby! Hope you're well Jack jnbJ
[2:10:08] <@StreamElements> SidewindeRj just subscribed for 31 months in a row PogChamp
[2:10:08] <%CallMeInfinity> wtf LUL
[2:10:09] <%COMA70S3> FROG GANG
[2:10:10] <%XsCrYeD> XsCrYeD subscribed with Prime. They've subscribed for 7 months! 新年快乐 -ish
[2:10:11] <@StreamElements> XsCrYeD just subscribed for 7 months in a row PogChamp
[2:10:11] <%Knoives> frog march PogU
[2:10:12] <%GreenyScott> many frog
[2:10:12] <+ParrotParfait> woah toxic
[2:10:14] <%eeimot> KEKW
[2:10:15] <%Adrith22> OSFrog
[2:10:22] <%gritz_n_pitz> @SidewindeRj jnbL
[2:10:35] <%GreenyScott> he's leader frog
[2:10:35] <%SidewindeRj> @gritz_n_pitz jnbL
[2:10:37] <%Adrith22> leader
[2:10:39] <%SidewindeRj> chat jnbL
[2:10:48] <bentleychillin> 316 viewers doo what
[2:10:49] <+ParrotParfait> isn't that a mythic drop?
[2:10:57] <%grogghan> 300k gold
[2:10:58] <%Knoives> horoic dreadfire vessel Pog
[2:10:59] <%GreenyScott> i love that his transmog is just a potato
[2:11:00] <%grogghan> from last expansion
[2:11:00] <bentleychillin> is my twitch broke
[2:11:03] <%kegness> thats the gm
[2:11:09] <%SidewindeRj> @grogghan jnbW
[2:11:09] <thiccccheese> max Pog
[2:11:17] <%fcliver> @bentleychillin nah he playing wow
[2:11:21] <%kegness> yea
[2:11:23] <bentleychillin> lmao
[2:11:26] <thiccccheese> yep
[2:11:29] <%COMA70S3> @jakenbakeLIVE you can buy that mount.
[2:11:34] <%Knoives> ask for a guild invite PepeLaugh
[2:11:40] <%lazerlemons> limit_maximum on twitch
[2:11:41] <%gritz_n_pitz> LULW
[2:11:45] <%Adrith22> join frog OSFrog
[2:11:57] <thiccccheese> yea
[2:12:03] <%fcliver> why doe he cover the chat
[2:12:07] <%SidewindeRj> KEKW
[2:12:09] <thiccccheese> limit_maximum
[2:12:14] <%COMA70S3> @jakenbakeLIVE yes lol he is streaming
[2:12:24] <@dium> https://www.twitch.tv/limit_maximum
[2:12:38] <@NoWaddieNo> jnbHey im back
[2:12:50] <%Lost_soul29> jnbO
[2:12:53] <%gritz_n_pitz> jnbHey
[2:12:58] <%cheeseyoatmeal> who is chloe ting?
[2:12:59] <thiccccheese> gift him subs for ginvite Kapp
[2:13:03] <@NoWaddieNo> Lost_soul29 gritz_n_pitz cheeseyoatmeal jnbSubs
[2:13:08] <%watsupyouguys> @nowaddieno RlyTho RlyTho RlyTho
[2:13:08] <%COMA70S3> He said "Hell yeah" lol
[2:13:12] <%fcliver> @NoWaddieNo haileenoUwu welcome bck
[2:13:12] <@NoWaddieNo> watsupyouguys UWot
[2:13:13] <%NoRobizakaNo> @NoWaddieNo, rcdLate
[2:13:14] <%gritz_n_pitz> @cheeseyoatmeal look her up wont be mad
[2:13:20] <@NoWaddieNo> fcliver NOPERS why every time
[2:13:25] <@NoWaddieNo> norobizakano ktkWUT
[2:13:31] <%Lost_soul29> jnbSubs
[2:13:34] <%fcliver> jnbMM
[2:13:38] <%CallMeInfinity> jnbMM Oh my
[2:14:11] <%watsupyouguys> @fcliver @gritz_n_pitz @lost_soul29 cmonBruh
[2:14:19] <Hyoox> UI is bugging if its 2v3
[2:14:25] <%gritz_n_pitz> @watsupyouguys jnbCmon
[2:14:26] <Hyoox> in start of the game
[2:14:28] <%fcliver> @watsupyouguys PogO
[2:15:13] <%watsupyouguys> @norobizakano @callmeinfinity rcdKek
[2:15:30] <%CallMeInfinity> @watsupyouguys, DANKIES
[2:15:42] <%CallMeInfinity> Crunches time PauseChamp
[2:15:44] <%NoRobizakaNo> @watsupyouguys, jnbW
[2:16:00] <%Knoives> PauseChamp crunches
[2:17:00] <+Carefreetyler> !covidupdate5
[2:17:00] <@StreamElements> https://clips.twitch.tv/LittleCrispyPigeonLeeroyJenkins
[2:17:32] <%gritz_n_pitz> DUSTY!!!!!
[2:17:35] <@NoWaddieNo> dusty PogU
[2:17:37] <%fcliver> Dustin PogU
[2:17:39] <%YoloSwagBruh_> Pog dustin
[2:17:40] <%Knoives> look at my pet
[2:17:40] <%kb39> PogU
[2:17:50] <%Lost_soul29> pogU
[2:17:58] <%Lost_soul29> itsdus9H itsdus9H itsdus9H itsdus9H itsdus9H itsdus9H itsdus9H
[2:18:03] <@NoWaddieNo> 17 million
[2:18:04] <%kb39> LULW
[2:18:08] <%gritz_n_pitz> KEKW good question
[2:18:09] <%fcliver> LULW
[2:18:11] <%YoloSwagBruh_> KEKW
[2:18:31] <%cheeseyoatmeal> like has she heard of asmondgold
[2:18:32] <MistFx> dang right she is GlitchCat
[2:18:32] <%gritz_n_pitz> Oh man i missed you Dusty FeelsDustinMan
[2:19:04] <%cheeseyoatmeal> she can do better than jackenback. just kidding she made the right choice
[2:19:34] <%gritz_n_pitz> LULW
[2:19:37] <%fcliver> LUL
[2:20:48] <%fcliver> N OMEGALUL
[2:21:39] <Light_Roast> What was the name of the scholarship/program you did in China?
[2:21:43] <doomgabri> hello
[2:21:49] <%josgar1017> Pog
[2:22:06] <%Lost_soul29> what her twitch stream chat
[2:22:17] <Ballage> Pog
[2:22:18] <%josgar1017> Hi chat and Jake jnbHey
[2:22:26] <@NoWaddieNo> josgar1017 jnbSalute
[2:22:33] <%fcliver> @josgar1017
[2:22:38] <%Lost_soul29> @josgar1017 2020Party
[2:22:41] <%fcliver> jnbSalute @josgar1017
[2:22:43] <%gritz_n_pitz> EZ
[2:23:10] <%gritz_n_pitz> @choleting modCheck
[2:23:19] <%Knoives> i was locked down by arms war
[2:23:27] <%josgar1017> @NoWaddieNo @fcliver @Lost_soul29 jnbL
[2:23:33] <Light_Roast> I see capital normal on this list. I studied there for like a year!
[2:23:53] <Light_Roast> oh and Donghua!
[2:24:04] <+Kambo_Rambo> !covidupdates
[2:24:19] <%Knoives> yes
[2:24:27] <+Kambo_Rambo> !covidupdate5
[2:24:27] <@StreamElements> https://clips.twitch.tv/LittleCrispyPigeonLeeroyJenkins
[2:25:04] <Light_Roast> I did CET during undergrad. Really tring to get back there rn.
[2:25:17] <Light_Roast> (China, not that specific program lol)
[2:25:52] <+Tetrapacks> Awaiting Rouge nerfs lmao
[2:26:16] <+LeesLife> save for weapon NotLikeThis
[2:26:31] <%Drs_Strange> rogue dont need a nerf
[2:26:39] <%fcliver> PauseChamp
[2:26:45] <%Drs_Strange> this is skirmishes and that shaman doesnt even have a trinket :P
[2:26:47] <+Tetrapacks> Just a blizzard habit to nerf whatever is actually good to play
[2:27:13] <Hyoox> what Drs said skirmishes is just faceroll ppl
[2:27:22] <%Knoives> bluPls
[2:27:29] <%Drs_Strange> yeah ofc, but its not a show of how "op" rogues are
[2:27:35] <Hyoox> yea
[2:27:46] <%Drs_Strange> havoc is dps
[2:27:49] <%Rizzchit> havoc is dps
[2:28:01] <%GreenyScott> lmao
[2:29:33] <%Lost_soul29> t2tPunk
[2:29:54] <%Lost_soul29> pepeJam
[2:30:46] <Zeusious1> !cr
[2:31:13] <thiccccheese> necrolord
[2:31:19] <%Rizzchit> fleshcraft
[2:31:23] <%kegness> purgatory
[2:31:28] <%Drs_Strange> necrolord 3rd covenant dudes power
[2:31:35] <+Kambo_Rambo> necrolord its like an afterdeath ability
[2:31:44] <Light_Roast> Did you do something with "The Voice of China." I'm like 90% sure I saw a couple famous people in one of your youtube highlights.
[2:31:46] <%Rizzchit> oh that thing
[2:31:49] <%kegness> that was purgatory
[2:31:50] <%kegness> its a talent
[2:32:05] <%Drs_Strange> 10sec of unkillable, but 50% less dmg done (cant get healing)
[2:32:07] <%kegness> An unholy pact that prevents fatal damage, instead absorbing incoming healing equal to the damage prevented, lasting 3 sec.
[2:32:08] <+Kambo_Rambo> hes already dead once the timer runs out
[2:32:14] <%Drs_Strange> dies after 10sec
[2:32:30] <+Kambo_Rambo> pod is way stronger
[2:32:44] <+TheGooseIsLuce> Sup Jakeeeee
[2:32:56] <+TheGooseIsLuce> hahaha hey buddy
[2:33:04] <%Drs_Strange> yeah dont pump anything into him, maybe a stun or cc... but ignore is fine
[2:33:06] <+Illiterateengi> hey jake, how the routine going?
[2:33:08] <+TheGooseIsLuce> still 6 ft above ground
[2:33:11] <%CallMeInfinity> HandsUp Biden
[2:33:13] <+TheGooseIsLuce> ONE MORE DAY
[2:33:28] <+TheGooseIsLuce> hahaha never quote pitbull again
[2:33:33] <@Lobo_SF> hell yeah
[2:33:36] <%fcliver> KEKW
[2:33:39] <%Andles1> catJAM
[2:33:40] <%gritz_n_pitz> LULW
[2:33:43] <+TheGooseIsLuce> stawwppp Jake
[2:33:47] <%Rizzchit> mr worldwide
[2:33:50] <%Lost_soul29> LUL
[2:34:03] <Zeusious1> Are there any patch notes for reset day?
[2:34:06] <+TheGooseIsLuce> have you been streaming games recently?
[2:34:17] <%Rizzchit> 1 night 2 girls english spanish
[2:34:19] <%fcliver> Its in my head now NotLikeThis catJAM
[2:34:26] <+TheGooseIsLuce> ok dope
[2:34:32] <thiccccheese> ya its bad in LA right now
[2:34:54] <+2jut> whats your rating
[2:34:57] <+Illiterateengi> crappy in the uk as well
[2:35:01] <+TheGooseIsLuce> alright mane, just droppin in. good to see yah. chat soon
[2:35:10] <@dium> that payo clip on twitter
[2:35:11] <@dium> LULW
[2:35:24] <+iDreamInMemes> do you have two rogues? thought you were orc
[2:35:24] <%kegness> Thug
[2:35:34] <+mannymacc7> Irl>wow
[2:35:42] <%Lost_soul29> @thegooseisluce jnbSalute
[2:36:12] <+mannymacc7> vr> Wow
[2:36:28] <%Rizzchit> damn i bet jake never played burkes backyard cleave / equipping shovels and fishing poles
[2:37:41] <%Knoives> ill cast more sheep
[2:38:04] <spoooooooooks> anyone stuck in ad loop?
[2:38:11] <thiccccheese> cc tab?
[2:38:27] <%kegness> Right click damage done
[2:38:29] <+Adrianna_and_Whip> Yobosayo PrideRise viikiTea
[2:38:31] <%COMA70S3> @jakenbakeLIVE in skada you can click on the player's dps and it will break it down by spell
[2:38:32] <%kegness> then change it to cc done
[2:38:44] <thiccccheese> cc done
[2:39:06] <%kegness> right click damage done
[2:39:07] <%COMA70S3> @jakenbakeLIVE just click their nbame
[2:39:09] <+iDreamInMemes> custom -> cc done
[2:39:11] <thiccccheese> crowd control
[2:39:14] <thiccccheese> under custom
[2:39:18] <+iDreamInMemes> blue
[2:39:21] <%kegness> on the actual dmg meter
[2:39:21] <thiccccheese> blind
[2:39:27] <thiccccheese> actually blind
[2:39:42] <+iDreamInMemes> far right mid
[2:39:47] <thiccccheese> oof
[2:39:51] <%kegness> jnbBlind
[2:39:58] <%COMA70S3> Custom > CC Done it is there we all see it
[2:40:03] <thiccccheese> jake needs new prescription for his glasses
[2:40:15] <%jussttdee> jnbPog
[2:40:21] <%YoloSwagBruh_> EZ Clap
[2:40:55] <%josgar1017> EZ
[2:41:00] <%jussttdee> are you going for 2100 3s?
[2:41:15] <%spongbs> !uptime
[2:41:15] <@StreamElements> @spongbs, jakenbakelive has been streaming for 2 hours 41 mins
[2:41:23] <%YoloSwagBruh_> gj knoives Clap
[2:41:32] <+buIindora> jake hope all is well bro
[2:41:39] <throne_arc> !COVIDUPDATE6
[2:41:42] <+buIindora> time for some poggers arena
[2:41:44] <throne_arc> !COVIDUPDATE5
[2:41:44] <@StreamElements> https://clips.twitch.tv/LittleCrispyPigeonLeeroyJenkins
[2:41:48] <%spongbs> what did he get from the vault chat?
[2:41:53] <%YoloSwagBruh_> he got a trinket
[2:42:06] <%YoloSwagBruh_> 226 i believe
[2:42:32] <dankNstein_> no trinket LULW
[2:42:37] <%spongbs> @yoloswagbruh_ ty
[2:43:01] <%Lost_soul29> TriHard
[2:43:13] <%kegness> he got 226 medallion
[2:44:30] <+Kambo_Rambo> control x
[2:44:30] <%jussttdee> Sadge
[2:47:26] <%YoloSwagBruh_> is he in discord with chloe or is she lurking in chat
[2:49:00] <@dium> according to twitchmetrics you're a variety streamer PogU
[2:49:30] <%Daan__M> whats IRL
[2:49:34] <%YoloSwagBruh_> irl modCheck
[2:49:38] <@dium> joey #473 most watched overall #38 most watched Just Chatting channel #237 most watched English channel #19 most watched English Just Chatting channel
[2:49:38] <%Daan__M> whats outside
[2:49:49] <%Daan__M> i only know my living room and bedroom
[2:49:59] <@NoWaddieNo> old apartment workouts FeelsOkayMan
[2:50:32] <%Knoives> i have to join my guild raid after this one
[2:50:33] <%Daan__M> some Ruth Bader Ginsburgs hell yeah
[2:50:41] <%COMA70S3> Gotta raid in 15, else I'd apply :P
[2:50:42] <@dium> it's LORE
[2:50:48] <dankNstein_> demonhunters existed before wow btw
[2:50:50] <%grogghan> because they are the only class that use warglaives
[2:50:56] <%grogghan> it makes more sense
[2:51:08] <%cheeseyoatmeal> they trying to promote thir expansions and added classes
[2:51:13] <@dium> jakenbakeLIVE #213 most watched Variety channel #344 most watched English channel #67 most watched English Variety channel
[2:51:39] <@dium> variety LULW
[2:51:39] <%watsupyouguys> renekton is the original one Kapp
[2:52:13] <+garci77> murdaOhhhh
[2:53:03] <%Andles1> but she has the abvs already LUL
[2:53:07] <riskaka123> !COVIDUPDATE5
[2:53:08] <@StreamElements> https://clips.twitch.tv/LittleCrispyPigeonLeeroyJenkins
[2:54:20] <+siow6888> @jakenbakeLIVE are you a stream time fuller?
[2:54:21] <%Rizzchit> spin to win
[2:54:39] <@dium> warrior storm bolt
[2:54:46] <@dium> kyrian warrior ability spear of bastion
[2:55:18] <@dium> dk abomination limb
[2:55:20] <+Slothstronot> !COVIDUPDATE5
[2:55:20] <@StreamElements> https://clips.twitch.tv/LittleCrispyPigeonLeeroyJenkins
[2:55:37] <%Rizzchit> KEKW
[2:55:50] <%Daan__M> LUL
[2:55:50] <dankNstein_> you really really need to stop playing cheat death and play wall
[2:56:01] <@dium> time to level your warrior kapp
[2:56:06] <%SukoSeiti> hahahahhaha
[2:56:14] <dankNstein_> cheat in 3s is kinda useless
[2:56:17] <%COMA70S3> War DK is the antithesis of rogue
[2:56:31] <%grogghan> Warriors only have 1 cc pretty much , their fear has a huge CD
[2:56:32] <%Rizzchit> i mean rogues probably could have 2 shot him without nerfs
[2:56:32] <%SukoSeiti> @dium jnbL
[2:56:37] <+Kambo_Rambo> db into ring of frost would be nice to get a restealth
[2:56:57] <dankNstein_> but yea rogues counter is melee comps that sit on them
[2:56:59] <+LeighUzumaki> enveloping shadows is rly good
[2:56:59] <@dium> die by the sword OkayChamp
[2:57:05] <+LeighUzumaki> way more burst damage
[2:57:16] <%grogghan> Rogues deserved a nerf
[2:57:23] <AzureAtlas> @jakenbakeLIVE whats for big dinner?
[2:57:29] <%Daan__M> yup, i know some of these words
[2:57:31] <%grogghan> their damage was way above everyone else
[2:57:47] <+LeighUzumaki> o u already have it nice job me
[2:57:55] <dankNstein_> warriors are dumb but i think boomkins and fire mages are a bit more broken
[2:58:10] <dankNstein_> watching that tournament was pitiful how broken boomkins are
[2:58:11] <%YoloSwagBruh_> is easytv online see if u can get him to lead the RBG PogU
[2:58:23] <%Rizzchit> spriest isnt 60 yet widepeepoSad
[2:58:23] <pjb_> i play rsham but i'm loading in to a tarkov raid rn Sadge
[2:58:25] <%Daan__M> we're no one? Sadge
[2:58:26] <%YoloSwagBruh_> easyTV3
[2:58:56] <%Knoives> pretty sure hes doing rbg and arena every waking moment lol
[2:59:00] <%SukoSeiti> He said you have to deserve the spot, like everyone else hahahah
[2:59:54] <@dium> https://twitch.tv/easytv3
[2:59:56] <@dium> he's live rn
[3:00:26] <+novaduck> my item lvl is 159
[3:00:28] <%SukoSeiti> That's what he said that day after you left tho
[3:00:36] <%grogghan> Should Join Cyr on Rust
[3:00:42] <%SquallyRocket> yeah I'm 193
[3:00:54] <%SukoSeiti> I satyed and watched him a bit, because he seemed chill
[3:01:22] <dankNstein_> @dium can you permit me for a sec i wanna show everyone how dumb boomkin is rn in arena
[3:01:24] <grey_cs> !COVIDUPDATE5
[3:01:24] <@StreamElements> https://clips.twitch.tv/LittleCrispyPigeonLeeroyJenkins
[3:01:38] <1msnow> OMEGALUL
[3:01:47] <@dium> !permit danknstein_
[3:01:47] <@Moobot> @dankNstein_ will not get timed out for the next 3m (@dium)
[3:01:51] <dankNstein_> https://youtu.be/DLulvSBBhiE?t=326
[3:01:52] <%lovelyzsj> Sadge
[3:01:54] <dankNstein_> check this out LULW
[3:02:28] <%grogghan> @jakenbakelive Should Join Cyr on Rust
[3:02:42] <openingwedge> !PO
[3:02:42] <@StreamElements> We now have a PO Box! jnbPog Send cool stuff here: PO Box 93637 | Pasadena, CA 91109 jnbO
[3:03:04] <%COMA70S3> @jakenbakeLIVE a lot of folks are raiding because of reset. Any day other than Tues and I'd be there.
[3:04:21] <dankNstein_> did you see what the kittens did?
[3:04:26] <queen_edits1> whats that black and orange this behing you 😐
[3:05:08] <dankNstein_> kittens walled off bandit camp PepeLaugh
[3:05:30] <%Pen_OW> I quit hardcore playing WoW when BFA came out... otherwise it be cool to play with you.
[3:05:32] <dankNstein_> was OP and Rob
[3:05:44] <%YoloSwagBruh_> rob was still online when i wokeup for work this morning he was going in
[3:05:59] <%grogghan> some people were crying about the turrets stopping you from entering the camp tho
[3:06:01] <csgofrog> I just got the pfizer shot I think my penis is bigger
[3:06:13] <%grogghan> so Cyr disabled them. guess people really wanna gamble Sadge
[3:06:33] <%Knoives> the famous @Pen_OW Pog
[3:06:37] <dankNstein_> @csgofrog are you in healthcare?
[3:06:52] <%svdennis17> LOL
[3:06:58] <%Knoives> owner of multiple mint metal gear solid 2 PS2 copies Pog
[3:07:02] <csgofrog> @danknstein_ yeah not hospital but I make cancer diagnostics
[3:07:12] <%Drs_Strange> try playing with soothing darkness talent btw @jakenbakeLIVE (depending on your plan this bg, but its awesome if you play the "solo rogue" role)
[3:07:13] <%svdennis17> jchillen
[3:07:21] <%YoloSwagBruh_> sounds like cyr maybe needs an inquistor of some sort to lay down cover fire with a bow monkaHmm
[3:07:23] <dankNstein_> @csgofrog wonder when the general public will get access
[3:07:26] <%svdennis17> you pumped shriek
[3:07:33] <%RaSZis_Blue_Ball> first time here
[3:07:35] <%svdennis17> your parses were pretty good tonight
[3:07:50] <%Pen_OW> @Knoives lol, I should check out my storage and see what relic games I have collecting dust
[3:07:53] <dankNstein_> LULW entire screen gone
[3:07:54] <csgofrog> @danknstein_ maybe a couple months
[3:08:23] <%lovelyzsj> @csgofrog are you in the US?
[3:08:34] <csgofrog> @lovelyzsj yeah cali
[3:08:39] <dankNstein_> @csgofrog did you have any side-effects? one of my friends who works as a nurse in ICU said their arm felt like it got hit by a bat but my other friend said they felt nothing at all
[3:09:14] <csgofrog> @danknstein_ I just got it just a shot nothing really
[3:09:44] <%lovelyzsj> @csgofrog nice hope to get mine soon
[3:10:24] <%svdennis17> lmao dh tanks baby!!!
[3:10:25] <csgofrog> @danknstein_ watch out for your penis getting bigger though LUL
[3:10:33] <dankNstein_> @csgofrog LULW
[3:10:37] <%svdennis17> you should be happy im not in there i have 28% vers
[3:10:43] <%svdennis17> with 65k hp
[3:13:11] <%KuramaahTV> Cheer300 have a good stream Jake jnbL missed the update but hopefully everything is going well
[3:13:11] <@StreamElements> KuramaahTV just cheered 300 bits PogChamp
[3:13:19] <aheadmermaid> !covidupdate5
[3:13:19] <@StreamElements> https://clips.twitch.tv/LittleCrispyPigeonLeeroyJenkins
[3:13:42] <%svdennis17> just been chillen. Havent been playing to much
[3:14:55] <%kurttaxmasterson> kurttaxmasterson subscribed at Tier 1. They've subscribed for 42 months, currently on a 42 month streak! nice UI
[3:14:55] <@StreamElements> kurttaxmasterson just subscribed for 42 months in a row PogChamp
[3:14:58] <%bluey_52> FeelsDankMan
[3:15:01] <@NoWaddieNo> 42 PogU
[3:16:01] <%kurttaxmasterson> i could never leave you friend
[3:16:17] <%watsupyouguys> @pewtanblot
[3:16:24] <%svdennis17> m8 m8 m8 uyr loosing to people from Moon Guard
[3:16:26] <%svdennis17> yikes
[3:16:56] <%watsupyouguys> Moon Guard r the real WoW players AYAYA Clap
[3:17:27] <%bluey_52> magic
[3:18:06] <%bluey_52> D:
[3:18:08] <@pewtanblot> @watsupyouguys Go back to lurking EleGiggle
[3:18:20] <@NoWaddieNo> @pewtanblot wawaW
[3:18:27] <@pewtanblot> Hello zac and chat jnbL
[3:18:32] <%watsupyouguys> @pewtanblot u dont tell me whaat to do HotPokket
[3:18:42] <%fcliver> @pewtanblot jnbSalute
[3:18:43] <%QuinnTheEskim0> @NoWaddieNo wawaW
[3:18:48] <@NoWaddieNo> QuinnTheEskim0 jnbW
[3:18:53] <%QuinnTheEskim0> hey pew <3
[3:19:29] <PGTiipz> PogChamp
[3:19:33] <%CallMeInfinity> pewpew widepeepoHappy /
